c:\users\acerv\onedrive\escritorio\repositories\project\peceraeyetracker\x64\release\vc143.pdb
c:\users\acerv\onedrive\escritorio\repositories\project\peceraeyetracker\x64\release\test.obj
c:\users\acerv\onedrive\escritorio\repositories\project\x64\release\vc143.pdb
c:\users\acerv\onedrive\escritorio\repositories\project\x64\release\mygaze.obj
c:\users\acerv\onedrive\escritorio\repositories\project\x64\release\registertypes.obj
c:\users\acerv\onedrive\escritorio\repositories\project\x64\release\peceraeyetracker.obj
c:\users\acerv\onedrive\escritorio\repositories\project\tet-cpp-client-master\x64\release\peceraeyetracker.exe
c:\users\acerv\onedrive\escritorio\repositories\project\peceraeyetracker\x64\release\peceraeyetracker.ipdb
c:\users\acerv\onedrive\escritorio\repositories\project\tet-cpp-client-master\x64\release\peceraeyetracker.pdb
c:\users\acerv\onedrive\escritorio\repositories\project\peceraeyetracker\x64\release\peceraeyetracker.iobj
c:\users\acerv\onedrive\escritorio\repositories\project\x64\release\test.obj
c:\users\acerv\onedrive\escritorio\repositories\project\x64\release\peceraeyetracker.ipdb
c:\users\acerv\onedrive\escritorio\repositories\project\x64\release\peceraeyetracker.iobj
c:\users\acerv\onedrive\escritorio\repositories\project\x64\release\peceraeyetracker.exp
c:\users\acerv\onedrive\escritorio\repositories\project\x64\release\peceraeyetracker.tlog\cl.command.1.tlog
c:\users\acerv\onedrive\escritorio\repositories\project\x64\release\peceraeyetracker.tlog\cl.items.tlog
c:\users\acerv\onedrive\escritorio\repositories\project\x64\release\peceraeyetracker.tlog\cl.read.1.tlog
c:\users\acerv\onedrive\escritorio\repositories\project\x64\release\peceraeyetracker.tlog\cl.write.1.tlog
c:\users\acerv\onedrive\escritorio\repositories\project\x64\release\peceraeyetracker.tlog\link.command.1.tlog
c:\users\acerv\onedrive\escritorio\repositories\project\x64\release\peceraeyetracker.tlog\link.read.1.tlog
c:\users\acerv\onedrive\escritorio\repositories\project\x64\release\peceraeyetracker.tlog\link.write.1.tlog
