  PeceraEyetracker.cpp
C:\Users\acerv\OneDrive\Escritorio\Repositories\Project\godot-cpp\include\godot_cpp\core\math.hpp(791,16): warning C4244: 'return': conversion from 'double' to 'float', possible loss of data
  (compiling source file 'src/PeceraEyetracker.cpp')
  
C:\Users\acerv\OneDrive\Escritorio\Repositories\Project\godot-cpp\include\godot_cpp\core\math.hpp(796,11): warning C4244: 'initializing': conversion from 'double' to 'float', possible loss of data
  (compiling source file 'src/PeceraEyetracker.cpp')
  
C:\Users\acerv\OneDrive\Escritorio\Repositories\Project\godot-cpp\include\godot_cpp\variant\vector2.hpp(284,13): warning C4244: 'initializing': conversion from 'double' to 'real_t', possible loss of data
  (compiling source file 'src/PeceraEyetracker.cpp')
  
C:\Users\acerv\OneDrive\Escritorio\Repositories\Project\godot-cpp\include\godot_cpp\variant\vector2.hpp(307,17): warning C4244: 'argument': conversion from 'const double' to 'const real_t', possible loss of data
  (compiling source file 'src/PeceraEyetracker.cpp')
  
C:\Users\acerv\OneDrive\Escritorio\Repositories\Project\godot-cpp\include\godot_cpp\variant\vector2.hpp(311,17): warning C4244: 'argument': conversion from 'const int32_t' to 'const real_t', possible loss of data
  (compiling source file 'src/PeceraEyetracker.cpp')
  
C:\Users\acerv\OneDrive\Escritorio\Repositories\Project\godot-cpp\include\godot_cpp\variant\vector2.hpp(315,17): warning C4244: 'argument': conversion from 'const int64_t' to 'const real_t', possible loss of data
  (compiling source file 'src/PeceraEyetracker.cpp')
  
C:\Users\acerv\OneDrive\Escritorio\Repositories\Project\godot-cpp\include\godot_cpp\variant\vector2i.hpp(142,20): warning C4244: 'argument': conversion from 'const int64_t' to 'const int32_t', possible loss of data
  (compiling source file 'src/PeceraEyetracker.cpp')
  
C:\Users\acerv\OneDrive\Escritorio\Repositories\Project\godot-cpp\include\godot_cpp\variant\vector2i.hpp(146,20): warning C4244: 'argument': conversion from 'const float' to 'const int32_t', possible loss of data
  (compiling source file 'src/PeceraEyetracker.cpp')
  
C:\Users\acerv\OneDrive\Escritorio\Repositories\Project\godot-cpp\include\godot_cpp\variant\vector2i.hpp(150,20): warning C4244: 'argument': conversion from 'const double' to 'const int32_t', possible loss of data
  (compiling source file 'src/PeceraEyetracker.cpp')
  
C:\Users\acerv\OneDrive\Escritorio\Repositories\Project\godot-cpp\include\godot_cpp\variant\vector3.hpp(268,13): warning C4244: 'initializing': conversion from 'double' to 'real_t', possible loss of data
  (compiling source file 'src/PeceraEyetracker.cpp')
  
C:\Users\acerv\OneDrive\Escritorio\Repositories\Project\godot-cpp\include\godot_cpp\variant\vector3.hpp(375,17): warning C4244: 'argument': conversion from 'const double' to 'const real_t', possible loss of data
  (compiling source file 'src/PeceraEyetracker.cpp')
  
C:\Users\acerv\OneDrive\Escritorio\Repositories\Project\godot-cpp\include\godot_cpp\variant\vector3.hpp(379,17): warning C4244: 'argument': conversion from 'const int32_t' to 'const real_t', possible loss of data
  (compiling source file 'src/PeceraEyetracker.cpp')
  
C:\Users\acerv\OneDrive\Escritorio\Repositories\Project\godot-cpp\include\godot_cpp\variant\vector3.hpp(383,17): warning C4244: 'argument': conversion from 'const int64_t' to 'const real_t', possible loss of data
  (compiling source file 'src/PeceraEyetracker.cpp')
  
C:\Users\acerv\OneDrive\Escritorio\Repositories\Project\godot-cpp\include\godot_cpp\variant\vector3i.hpp(222,20): warning C4244: 'argument': conversion from 'const int64_t' to 'const int32_t', possible loss of data
  (compiling source file 'src/PeceraEyetracker.cpp')
  
C:\Users\acerv\OneDrive\Escritorio\Repositories\Project\godot-cpp\include\godot_cpp\variant\vector3i.hpp(226,20): warning C4244: 'argument': conversion from 'const float' to 'const int32_t', possible loss of data
  (compiling source file 'src/PeceraEyetracker.cpp')
  
C:\Users\acerv\OneDrive\Escritorio\Repositories\Project\godot-cpp\include\godot_cpp\variant\vector3i.hpp(230,20): warning C4244: 'argument': conversion from 'const double' to 'const int32_t', possible loss of data
  (compiling source file 'src/PeceraEyetracker.cpp')
  
C:\Users\acerv\OneDrive\Escritorio\Repositories\Project\godot-cpp\include\godot_cpp\variant\vector4.hpp(297,17): warning C4244: 'argument': conversion from 'const double' to 'const real_t', possible loss of data
  (compiling source file 'src/PeceraEyetracker.cpp')
  
C:\Users\acerv\OneDrive\Escritorio\Repositories\Project\godot-cpp\include\godot_cpp\variant\vector4.hpp(301,17): warning C4244: 'argument': conversion from 'const int32_t' to 'const real_t', possible loss of data
  (compiling source file 'src/PeceraEyetracker.cpp')
  
C:\Users\acerv\OneDrive\Escritorio\Repositories\Project\godot-cpp\include\godot_cpp\variant\vector4.hpp(305,17): warning C4244: 'argument': conversion from 'const int64_t' to 'const real_t', possible loss of data
  (compiling source file 'src/PeceraEyetracker.cpp')
  
C:\Users\acerv\OneDrive\Escritorio\Repositories\Project\godot-cpp\include\godot_cpp\variant\vector4i.hpp(232,20): warning C4244: 'argument': conversion from 'const int64_t' to 'const int32_t', possible loss of data
  (compiling source file 'src/PeceraEyetracker.cpp')
  
C:\Users\acerv\OneDrive\Escritorio\Repositories\Project\godot-cpp\include\godot_cpp\variant\vector4i.hpp(236,20): warning C4244: 'argument': conversion from 'const float' to 'const int32_t', possible loss of data
  (compiling source file 'src/PeceraEyetracker.cpp')
  
C:\Users\acerv\OneDrive\Escritorio\Repositories\Project\godot-cpp\include\godot_cpp\variant\vector4i.hpp(240,20): warning C4244: 'argument': conversion from 'const double' to 'const int32_t', possible loss of data
  (compiling source file 'src/PeceraEyetracker.cpp')
  
C:\Users\acerv\OneDrive\Escritorio\Repositories\Project\godot-cpp\include\godot_cpp\variant\projection.hpp(101,26): warning C4244: 'return': conversion from 'double' to 'real_t', possible loss of data
  (compiling source file 'src/PeceraEyetracker.cpp')
  
C:\Users\acerv\OneDrive\Escritorio\Repositories\Project\godot-cpp\include\godot_cpp\core\type_info.hpp(223,28): warning C4244: 'argument': conversion from 'int64_t' to 'int', possible loss of data
  (compiling source file 'src/PeceraEyetracker.cpp')
  
C:\Users\acerv\OneDrive\Escritorio\Repositories\Project\godot-cpp\include\godot_cpp\core\type_info.hpp(223,60): warning C4244: 'argument': conversion from 'int64_t' to 'int', possible loss of data
  (compiling source file 'src/PeceraEyetracker.cpp')
  
C:\Users\acerv\OneDrive\Escritorio\Repositories\Project\godot-cpp\include\godot_cpp\core\math.hpp(66,13): warning C4244: 'return': conversion from 'float' to 'const T', possible loss of data
C:\Users\acerv\OneDrive\Escritorio\Repositories\Project\godot-cpp\include\godot_cpp\core\math.hpp(66,13): warning C4244:         with
C:\Users\acerv\OneDrive\Escritorio\Repositories\Project\godot-cpp\include\godot_cpp\core\math.hpp(66,13): warning C4244:         [
C:\Users\acerv\OneDrive\Escritorio\Repositories\Project\godot-cpp\include\godot_cpp\core\math.hpp(66,13): warning C4244:             T=int32_t
C:\Users\acerv\OneDrive\Escritorio\Repositories\Project\godot-cpp\include\godot_cpp\core\math.hpp(66,13): warning C4244:         ]
  (compiling source file 'src/PeceraEyetracker.cpp')
  C:\Users\acerv\OneDrive\Escritorio\Repositories\Project\godot-cpp\include\godot_cpp\core\math.hpp(66,13):
  the template instantiation context (the oldest one first) is
  	C:\Users\acerv\OneDrive\Escritorio\Repositories\Project\godot-cpp\include\godot_cpp\variant\vector2i.hpp(121,42):
  	see reference to function template instantiation 'const T godot::SIGN<int32_t>(const T)' being compiled
          with
          [
              T=int32_t
          ]
  
     Creating library C:\Users\acerv\OneDrive\Escritorio\Repositories\Project\x64\Debug\PeceraEyetracker.lib and object C:\Users\acerv\OneDrive\Escritorio\Repositories\Project\x64\Debug\PeceraEyetracker.exp
  PeceraEyetracker.vcxproj -> C:\Users\acerv\OneDrive\Escritorio\Repositories\Project\x64\Debug\PeceraEyetracker.exe
