c:\users\acerv\onedrive\escritorio\repositories\project\peceraeyetracker\x64\debug\vc143.pdb
c:\users\acerv\onedrive\escritorio\repositories\project\peceraeyetracker\x64\debug\vc143.idb
c:\users\acerv\onedrive\escritorio\repositories\project\peceraeyetracker\x64\debug\registertypes.obj
c:\users\acerv\onedrive\escritorio\repositories\project\peceraeyetracker\x64\debug\peceraeyetracker.obj
c:\users\acerv\onedrive\escritorio\repositories\project\peceraeyetracker\x64\debug\mygaze.obj
c:\users\acerv\onedrive\escritorio\repositories\project\peceraeyetracker\x64\debug\peceraeyetracker.ilk
c:\users\acerv\onedrive\escritorio\repositories\project\godot-cpp\x64\debug\peceraeyetracker.exe
c:\users\acerv\onedrive\escritorio\repositories\project\godot-cpp\x64\debug\peceraeyetracker.pdb
c:\users\acerv\onedrive\escritorio\repositories\project\godot-cpp\x64\debug\peceraeyetracker.lib
c:\users\acerv\onedrive\escritorio\repositories\project\godot-cpp\x64\debug\peceraeyetracker.exp
c:\users\acerv\onedrive\escritorio\repositories\project\x64\debug\mygaze.obj
c:\users\acerv\onedrive\escritorio\repositories\project\x64\debug\peceraeyetracker.obj
c:\users\acerv\onedrive\escritorio\repositories\project\x64\debug\registertypes.obj
c:\users\acerv\onedrive\escritorio\repositories\project\x64\debug\peceraeyetracker.ilk
c:\users\acerv\onedrive\escritorio\repositories\project\x64\debug\vc143.idb
c:\users\acerv\onedrive\escritorio\repositories\project\x64\debug\vc143.pdb
c:\users\acerv\onedrive\escritorio\repositories\project\x64\debug\peceraeyetracker.tlog\cl.command.1.tlog
c:\users\acerv\onedrive\escritorio\repositories\project\x64\debug\peceraeyetracker.tlog\cl.items.tlog
c:\users\acerv\onedrive\escritorio\repositories\project\x64\debug\peceraeyetracker.tlog\cl.read.1.tlog
c:\users\acerv\onedrive\escritorio\repositories\project\x64\debug\peceraeyetracker.tlog\cl.write.1.tlog
c:\users\acerv\onedrive\escritorio\repositories\project\x64\debug\peceraeyetracker.tlog\link.command.1.tlog
c:\users\acerv\onedrive\escritorio\repositories\project\x64\debug\peceraeyetracker.tlog\link.read.1.tlog
c:\users\acerv\onedrive\escritorio\repositories\project\x64\debug\peceraeyetracker.tlog\link.write.1.tlog
c:\users\acerv\onedrive\escritorio\repositories\project\x64\debug\peceraeyetracker.tlog\link.write.2u.tlog
